<?xml version="1.0" encoding="UTF-8" ?>
<testsuite errors="0" failures="0" name="net.incongru.webwork.ModelUrlBuilderTest" tests="2" time="1.57">
  <properties>
[...]
</properties>
  <testcase name="testSimpleModelMakesSimpleUrl" time="0.882"></testcase>
  <testcase name="testNullValuesShouldNotEndupInUrl" time="0.0010"></testcase>
  <system-out><![CDATA[]]></system-out>
  <system-err><![CDATA[log4j:ERROR setFile(null,true) call failed.
java.io.FileNotFoundException: ../logs/swaf.log (No such file or directory)
	at java.io.FileOutputStream.openAppend(Native Method)
	at java.io.FileOutputStream.<init>(FileOutputStream.java:177)
	at java.io.FileOutputStream.<init>(FileOutputStream.java:102)
	at org.apache.log4j.FileAppender.setFile(FileAppender.java:272)
	at org.apache.log4j.FileAppender.activateOptions(FileAppender.java:151)
	at org.apache.log4j.DailyRollingFileAppender.activateOptions(DailyRollingFileAppender.java:206)
	at org.apache.log4j.config.PropertySetter.activate(PropertySetter.java:247)
	at org.apache.log4j.xml.DOMConfigurator.parseAppender(DOMConfigurator.java:210)
	at org.apache.log4j.xml.DOMConfigurator.findAppenderByName(DOMConfigurator.java:140)
	at org.apache.log4j.xml.DOMConfigurator.findAppenderByReference(DOMConfigurator.java:153)
	at org.apache.log4j.xml.DOMConfigurator.parseChildrenOfLoggerElement(DOMConfigurator.java:415)
	at org.apache.log4j.xml.DOMConfigurator.parseCategory(DOMConfigurator.java:335)
	at org.apache.log4j.xml.DOMConfigurator.parse(DOMConfigurator.java:781)
	at org.apache.log4j.xml.DOMConfigurator.doConfigure(DOMConfigurator.java:666)
	at org.apache.log4j.xml.DOMConfigurator.doConfigure(DOMConfigurator.java:616)
	at org.apache.log4j.xml.DOMConfigurator.doConfigure(DOMConfigurator.java:602)
	at org.apache.log4j.helpers.OptionConverter.selectAndConfigure(OptionConverter.java:460)
	at org.apache.log4j.LogManager.<clinit>(LogManager.java:113)
	at org.apache.log4j.Logger.getLogger(Logger.java:85)
	at org.apache.commons.logging.impl.Log4JLogger.getLogger(Log4JLogger.java:229)
	at org.apache.commons.logging.impl.Log4JLogger.<init>(Log4JLogger.java:65)
	at sun.reflect.NativeConstructorAccessorImpl.newInstance0(Native Method)
	at sun.reflect.NativeConstructorAccessorImpl.newInstance(NativeConstructorAccessorImpl.java:39)
	at sun.reflect.DelegatingConstructorAccessorImpl.newInstance(DelegatingConstructorAccessorImpl.java:27)
	at java.lang.reflect.Constructor.newInstance(Constructor.java:274)
	at org.apache.commons.logging.impl.LogFactoryImpl.newInstance(LogFactoryImpl.java:529)
	at org.apache.commons.logging.impl.LogFactoryImpl.getInstance(LogFactoryImpl.java:235)
	at org.apache.commons.logging.impl.LogFactoryImpl.getInstance(LogFactoryImpl.java:209)
	at org.apache.commons.logging.LogFactory.getLog(LogFactory.java:351)
	at com.opensymphony.xwork.util.OgnlValueStack.<clinit>(OgnlValueStack.java:34)
	at com.opensymphony.xwork.ActionContext$ActionContextThreadLocal.initialValue(ActionContext.java:324)
	at java.lang.ThreadLocal$ThreadLocalMap.getAfterMiss(ThreadLocal.java:368)
	at java.lang.ThreadLocal$ThreadLocalMap.get(ThreadLocal.java:341)
	at java.lang.ThreadLocal$ThreadLocalMap.access$000(ThreadLocal.java:219)
	at java.lang.ThreadLocal.get(ThreadLocal.java:121)
	at com.opensymphony.xwork.ActionContext.getContext(ActionContext.java:147)
	at net.incongru.webwork.ModelUrlBuilder.buildUrl(ModelUrlBuilder.java:38)
	at net.incongru.webwork.ModelUrlBuilderTest.testSimpleModelMakesSimpleUrl(ModelUrlBuilderTest.java:15)
	at sun.reflect.NativeMethodAccessorImpl.invoke0(Native Method)
	at sun.reflect.NativeMethodAccessorImpl.invoke(NativeMethodAccessorImpl.java:39)
	at sun.reflect.DelegatingMethodAccessorImpl.invoke(DelegatingMethodAccessorImpl.java:25)
	at java.lang.reflect.Method.invoke(Method.java:324)
	at junit.framework.TestCase.runTest(TestCase.java:154)
	at junit.framework.TestCase.runBare(TestCase.java:127)
	at junit.framework.TestResult$1.protect(TestResult.java:106)
	at junit.framework.TestResult.runProtected(TestResult.java:124)
	at junit.framework.TestResult.run(TestResult.java:109)
	at junit.framework.TestCase.run(TestCase.java:118)
	at junit.framework.TestSuite.runTest(TestSuite.java:208)
	at junit.framework.TestSuite.run(TestSuite.java:203)
	at org.apache.tools.ant.taskdefs.optional.junit.JUnitTestRunner.run(JUnitTestRunner.java:325)
	at org.apache.tools.ant.taskdefs.optional.junit.JUnitTestRunner.main(JUnitTestRunner.java:536)
log4j:ERROR Either File or DatePattern options are not set for appender [MAIN].
]]></system-err>
</testsuite>
