<?xml version="1.0" encoding="UTF-8" ?>
<testsuite errors="0" failures="0" name="net.incongru.hibernate.XStreamTypeTest" tests="1" time="5.057">
  <properties>
[...]
</properties>
  <testcase name="testWithLinkedHashSet" time="4.354"></testcase>
  <system-out><![CDATA[drop table dummy if exists
create table dummy (
   id bigint generated by default as identity (start with 1),
   name varchar(255),
   complex_object longvarchar
)
Hibernate: insert into dummy (name, complex_object, id) values (?, ?, null)
Hibernate: call identity()
Hibernate: select pouet.id as id, pouet.name as name, pouet.complex_object as complex_3_ from dummy pouet
]]></system-out>
  <system-err><![CDATA[May 25, 2005 12:39:03 PM net.sf.hibernate.cfg.Environment <clinit>
INFO: Hibernate 2.1.7
May 25, 2005 12:39:03 PM net.sf.hibernate.cfg.Environment <clinit>
INFO: loaded properties from resource hibernate.properties: {hibernate.connection.username=sa, hibernate.connection.password=, hibernate.cache.provider_class=net.sf.hibernate.cache.HashtableCacheProvider, hibernate.cglib.use_reflection_optimizer=true, hibernate.dialect=net.sf.hibernate.dialect.HSQLDialect, hibernate.show_sql=true, hibernate.connection.url=jdbc:hsqldb:db-test, hibernate.connection.driver_class=org.hsqldb.jdbcDriver}
May 25, 2005 12:39:03 PM net.sf.hibernate.cfg.Environment <clinit>
INFO: using CGLIB reflection optimizer
May 25, 2005 12:39:03 PM net.sf.hibernate.cfg.Environment <clinit>
INFO: using JDK 1.4 java.sql.Timestamp handling
May 25, 2005 12:39:03 PM net.sf.hibernate.cfg.Configuration addResource
INFO: Mapping resource: net/incongru/hibernate/dummy-xstream.hbm.xml
May 25, 2005 12:39:04 PM net.sf.hibernate.cfg.Binder bindRootClass
INFO: Mapping class: net.incongru.hibernate.stuff.DummyBean -> dummy
May 25, 2005 12:39:04 PM net.sf.hibernate.type.CustomType <init>
WARNING: custom type does not implement Serializable: class net.incongru.hibernate.XStreamType
May 25, 2005 12:39:04 PM net.sf.hibernate.dialect.Dialect <init>
INFO: Using dialect: net.sf.hibernate.dialect.HSQLDialect
May 25, 2005 12:39:04 PM net.sf.hibernate.cfg.Configuration secondPassCompile
INFO: processing one-to-many association mappings
May 25, 2005 12:39:04 PM net.sf.hibernate.cfg.Configuration secondPassCompile
INFO: processing one-to-one association property references
May 25, 2005 12:39:04 PM net.sf.hibernate.cfg.Configuration secondPassCompile
INFO: processing foreign key constraints
May 25, 2005 12:39:04 PM net.sf.hibernate.cfg.Configuration secondPassCompile
INFO: processing one-to-many association mappings
May 25, 2005 12:39:04 PM net.sf.hibernate.cfg.Configuration secondPassCompile
INFO: processing one-to-one association property references
May 25, 2005 12:39:04 PM net.sf.hibernate.cfg.Configuration secondPassCompile
INFO: processing foreign key constraints
May 25, 2005 12:39:04 PM net.sf.hibernate.tool.hbm2ddl.SchemaExport execute
INFO: Running hbm2ddl schema export
May 25, 2005 12:39:04 PM net.sf.hibernate.tool.hbm2ddl.SchemaExport execute
INFO: exporting generated schema to database
May 25, 2005 12:39:04 PM net.sf.hibernate.connection.DriverManagerConnectionProvider configure
INFO: Using Hibernate built-in connection pool (not for production use!)
May 25, 2005 12:39:04 PM net.sf.hibernate.connection.DriverManagerConnectionProvider configure
INFO: Hibernate connection pool size: 20
May 25, 2005 12:39:04 PM net.sf.hibernate.connection.DriverManagerConnectionProvider configure
INFO: using driver: org.hsqldb.jdbcDriver at URL: jdbc:hsqldb:db-test
May 25, 2005 12:39:04 PM net.sf.hibernate.connection.DriverManagerConnectionProvider configure
INFO: connection properties: {user=sa, password=}
May 25, 2005 12:39:05 PM net.sf.hibernate.tool.hbm2ddl.SchemaExport execute
INFO: schema export complete
May 25, 2005 12:39:05 PM net.sf.hibernate.connection.DriverManagerConnectionProvider close
INFO: cleaning up connection pool: jdbc:hsqldb:db-test
May 25, 2005 12:39:05 PM net.sf.hibernate.cfg.Configuration secondPassCompile
INFO: processing one-to-many association mappings
May 25, 2005 12:39:05 PM net.sf.hibernate.cfg.Configuration secondPassCompile
INFO: processing one-to-one association property references
May 25, 2005 12:39:05 PM net.sf.hibernate.cfg.Configuration secondPassCompile
INFO: processing foreign key constraints
May 25, 2005 12:39:05 PM net.sf.hibernate.dialect.Dialect <init>
INFO: Using dialect: net.sf.hibernate.dialect.HSQLDialect
May 25, 2005 12:39:05 PM net.sf.hibernate.cfg.SettingsFactory buildSettings
INFO: Use outer join fetching: true
May 25, 2005 12:39:05 PM net.sf.hibernate.connection.DriverManagerConnectionProvider configure
INFO: Using Hibernate built-in connection pool (not for production use!)
May 25, 2005 12:39:05 PM net.sf.hibernate.connection.DriverManagerConnectionProvider configure
INFO: Hibernate connection pool size: 20
May 25, 2005 12:39:05 PM net.sf.hibernate.connection.DriverManagerConnectionProvider configure
INFO: using driver: org.hsqldb.jdbcDriver at URL: jdbc:hsqldb:db-test
May 25, 2005 12:39:05 PM net.sf.hibernate.connection.DriverManagerConnectionProvider configure
INFO: connection properties: {user=sa, password=}
May 25, 2005 12:39:05 PM net.sf.hibernate.transaction.TransactionManagerLookupFactory getTransactionManagerLookup
INFO: No TransactionManagerLookup configured (in JTA environment, use of process level read-write cache is not recommended)
May 25, 2005 12:39:05 PM net.sf.hibernate.cfg.SettingsFactory buildSettings
INFO: Use scrollable result sets: true
May 25, 2005 12:39:05 PM net.sf.hibernate.cfg.SettingsFactory buildSettings
INFO: Use JDBC3 getGeneratedKeys(): false
May 25, 2005 12:39:05 PM net.sf.hibernate.cfg.SettingsFactory buildSettings
INFO: Optimize cache for minimal puts: false
May 25, 2005 12:39:05 PM net.sf.hibernate.cfg.SettingsFactory buildSettings
INFO: echoing all SQL to stdout
May 25, 2005 12:39:05 PM net.sf.hibernate.cfg.SettingsFactory buildSettings
INFO: Query language substitutions: {}
May 25, 2005 12:39:05 PM net.sf.hibernate.cfg.SettingsFactory buildSettings
INFO: cache provider: net.sf.hibernate.cache.HashtableCacheProvider
May 25, 2005 12:39:05 PM net.sf.hibernate.cfg.Configuration configureCaches
INFO: instantiating and configuring caches
May 25, 2005 12:39:06 PM net.sf.hibernate.impl.SessionFactoryImpl <init>
INFO: building session factory
May 25, 2005 12:39:07 PM net.sf.hibernate.impl.SessionFactoryObjectFactory addInstance
INFO: Not binding factory to JNDI, no JNDI name configured
]]></system-err>
</testsuite>
