<?xml version="1.0" encoding="UTF-8" ?>
<testsuite errors="0" failures="0" name="net.incongru.tags.test.JspTestServletTest" tests="3" time="2.438">
  <properties>
[...]
</properties>
  <testcase name="testAsText" time="0.925"></testcase>
  <testcase name="testWithResource" time="0.066"></testcase>
  <testcase name="testWithResourceIgnoringWhitespace" time="0.072"></testcase>
  <system-out><![CDATA[0 [main] DEBUG org.apache.jasper.compiler.JspRuntimeContext  - Parent class loader is: sun.misc.Launcher$AppClassLoader@53ba3d
6 [main] DEBUG org.apache.jasper.servlet.JspServlet  - Scratch dir for the JSP engine is: /tmp
6 [main] DEBUG org.apache.jasper.servlet.JspServlet  - IMPORTANT: Do not modify the generated servlets
18 [main] DEBUG org.apache.jasper.servlet.JspServlet  - JspEngine --> /src/test/net/incongru/tags/test/test.jsp
18 [main] DEBUG org.apache.jasper.servlet.JspServlet  - 	     ServletPath: /jsp
19 [main] DEBUG org.apache.jasper.servlet.JspServlet  - 	        PathInfo: null
19 [main] DEBUG org.apache.jasper.servlet.JspServlet  - 	        RealPath: /Users/greg/dev/projects/swaf/swaf/swaf-tags/test/src/test/net/incongru/tags/test/test.jsp
29 [main] DEBUG org.apache.jasper.servlet.JspServlet  - 	      RequestURI: /jsp
44 [main] DEBUG org.apache.jasper.servlet.JspServlet  - 	     QueryString: jsp=src%2Ftest%2Fnet%2Fincongru%2Ftags%2Ftest%2Ftest.jsp
44 [main] DEBUG org.apache.jasper.servlet.JspServlet  - 	  Request Params: 
46 [main] DEBUG org.apache.jasper.servlet.JspServlet  - 		 jsp = src/test/net/incongru/tags/test/test.jsp
432 [main] DEBUG org.apache.jasper.compiler.JspRuntimeContext  - Parent class loader is: sun.misc.Launcher$AppClassLoader@53ba3d
432 [main] DEBUG org.apache.jasper.compiler.JspRuntimeContext  - Parent class loader is: sun.misc.Launcher$AppClassLoader@53ba3d
432 [main] DEBUG org.apache.jasper.servlet.JspServlet  - Scratch dir for the JSP engine is: /tmp
432 [main] DEBUG org.apache.jasper.servlet.JspServlet  - Scratch dir for the JSP engine is: /tmp
433 [main] DEBUG org.apache.jasper.servlet.JspServlet  - IMPORTANT: Do not modify the generated servlets
433 [main] DEBUG org.apache.jasper.servlet.JspServlet  - IMPORTANT: Do not modify the generated servlets
433 [main] DEBUG org.apache.jasper.servlet.JspServlet  - JspEngine --> /src/test/net/incongru/tags/test/test.jsp
433 [main] DEBUG org.apache.jasper.servlet.JspServlet  - JspEngine --> /src/test/net/incongru/tags/test/test.jsp
434 [main] DEBUG org.apache.jasper.servlet.JspServlet  - 	     ServletPath: /jsp
434 [main] DEBUG org.apache.jasper.servlet.JspServlet  - 	     ServletPath: /jsp
434 [main] DEBUG org.apache.jasper.servlet.JspServlet  - 	        PathInfo: null
434 [main] DEBUG org.apache.jasper.servlet.JspServlet  - 	        PathInfo: null
434 [main] DEBUG org.apache.jasper.servlet.JspServlet  - 	        RealPath: /Users/greg/dev/projects/swaf/swaf/swaf-tags/test/src/test/net/incongru/tags/test/test.jsp
434 [main] DEBUG org.apache.jasper.servlet.JspServlet  - 	        RealPath: /Users/greg/dev/projects/swaf/swaf/swaf-tags/test/src/test/net/incongru/tags/test/test.jsp
434 [main] DEBUG org.apache.jasper.servlet.JspServlet  - 	      RequestURI: /jsp
434 [main] DEBUG org.apache.jasper.servlet.JspServlet  - 	      RequestURI: /jsp
438 [main] DEBUG org.apache.jasper.servlet.JspServlet  - 	     QueryString: jsp=src%2Ftest%2Fnet%2Fincongru%2Ftags%2Ftest%2Ftest.jsp
438 [main] DEBUG org.apache.jasper.servlet.JspServlet  - 	     QueryString: jsp=src%2Ftest%2Fnet%2Fincongru%2Ftags%2Ftest%2Ftest.jsp
438 [main] DEBUG org.apache.jasper.servlet.JspServlet  - 	  Request Params: 
438 [main] DEBUG org.apache.jasper.servlet.JspServlet  - 	  Request Params: 
438 [main] DEBUG org.apache.jasper.servlet.JspServlet  - 		 jsp = src/test/net/incongru/tags/test/test.jsp
438 [main] DEBUG org.apache.jasper.servlet.JspServlet  - 		 jsp = src/test/net/incongru/tags/test/test.jsp
481 [main] DEBUG org.apache.jasper.compiler.JspRuntimeContext  - Parent class loader is: sun.misc.Launcher$AppClassLoader@53ba3d
481 [main] DEBUG org.apache.jasper.compiler.JspRuntimeContext  - Parent class loader is: sun.misc.Launcher$AppClassLoader@53ba3d
481 [main] DEBUG org.apache.jasper.compiler.JspRuntimeContext  - Parent class loader is: sun.misc.Launcher$AppClassLoader@53ba3d
482 [main] DEBUG org.apache.jasper.servlet.JspServlet  - Scratch dir for the JSP engine is: /tmp
482 [main] DEBUG org.apache.jasper.servlet.JspServlet  - Scratch dir for the JSP engine is: /tmp
482 [main] DEBUG org.apache.jasper.servlet.JspServlet  - Scratch dir for the JSP engine is: /tmp
482 [main] DEBUG org.apache.jasper.servlet.JspServlet  - IMPORTANT: Do not modify the generated servlets
482 [main] DEBUG org.apache.jasper.servlet.JspServlet  - IMPORTANT: Do not modify the generated servlets
482 [main] DEBUG org.apache.jasper.servlet.JspServlet  - IMPORTANT: Do not modify the generated servlets
483 [main] DEBUG org.apache.jasper.servlet.JspServlet  - JspEngine --> /src/test/net/incongru/tags/test/test-and-space.jsp
483 [main] DEBUG org.apache.jasper.servlet.JspServlet  - JspEngine --> /src/test/net/incongru/tags/test/test-and-space.jsp
483 [main] DEBUG org.apache.jasper.servlet.JspServlet  - JspEngine --> /src/test/net/incongru/tags/test/test-and-space.jsp
483 [main] DEBUG org.apache.jasper.servlet.JspServlet  - 	     ServletPath: /jsp
483 [main] DEBUG org.apache.jasper.servlet.JspServlet  - 	     ServletPath: /jsp
483 [main] DEBUG org.apache.jasper.servlet.JspServlet  - 	     ServletPath: /jsp
483 [main] DEBUG org.apache.jasper.servlet.JspServlet  - 	        PathInfo: null
483 [main] DEBUG org.apache.jasper.servlet.JspServlet  - 	        PathInfo: null
483 [main] DEBUG org.apache.jasper.servlet.JspServlet  - 	        PathInfo: null
484 [main] DEBUG org.apache.jasper.servlet.JspServlet  - 	        RealPath: /Users/greg/dev/projects/swaf/swaf/swaf-tags/test/src/test/net/incongru/tags/test/test-and-space.jsp
484 [main] DEBUG org.apache.jasper.servlet.JspServlet  - 	        RealPath: /Users/greg/dev/projects/swaf/swaf/swaf-tags/test/src/test/net/incongru/tags/test/test-and-space.jsp
484 [main] DEBUG org.apache.jasper.servlet.JspServlet  - 	        RealPath: /Users/greg/dev/projects/swaf/swaf/swaf-tags/test/src/test/net/incongru/tags/test/test-and-space.jsp
484 [main] DEBUG org.apache.jasper.servlet.JspServlet  - 	      RequestURI: /jsp
484 [main] DEBUG org.apache.jasper.servlet.JspServlet  - 	      RequestURI: /jsp
484 [main] DEBUG org.apache.jasper.servlet.JspServlet  - 	      RequestURI: /jsp
488 [main] DEBUG org.apache.jasper.servlet.JspServlet  - 	     QueryString: jsp=src%2Ftest%2Fnet%2Fincongru%2Ftags%2Ftest%2Ftest-and-space.jsp
488 [main] DEBUG org.apache.jasper.servlet.JspServlet  - 	     QueryString: jsp=src%2Ftest%2Fnet%2Fincongru%2Ftags%2Ftest%2Ftest-and-space.jsp
488 [main] DEBUG org.apache.jasper.servlet.JspServlet  - 	     QueryString: jsp=src%2Ftest%2Fnet%2Fincongru%2Ftags%2Ftest%2Ftest-and-space.jsp
488 [main] DEBUG org.apache.jasper.servlet.JspServlet  - 	  Request Params: 
488 [main] DEBUG org.apache.jasper.servlet.JspServlet  - 	  Request Params: 
488 [main] DEBUG org.apache.jasper.servlet.JspServlet  - 	  Request Params: 
488 [main] DEBUG org.apache.jasper.servlet.JspServlet  - 		 jsp = src/test/net/incongru/tags/test/test-and-space.jsp
488 [main] DEBUG org.apache.jasper.servlet.JspServlet  - 		 jsp = src/test/net/incongru/tags/test/test-and-space.jsp
488 [main] DEBUG org.apache.jasper.servlet.JspServlet  - 		 jsp = src/test/net/incongru/tags/test/test-and-space.jsp
]]></system-out>
  <system-err><![CDATA[]]></system-err>
</testsuite>
