<?xml version="1.0" encoding="UTF-8" ?>
<testsuite errors="0" failures="0" name="net.incongru.swaf.tree.TreeNodeTest" tests="5" time="0.695">
  <properties>
[...]
</properties>
  <testcase name="testFindObjectInChildren" time="0.01"></testcase>
  <testcase name="testFindParentOf" time="0.0"></testcase>
  <testcase name="testRemoveChildNode" time="0.0"></testcase>
  <testcase name="testAddChild" time="0.0010"></testcase>
  <testcase name="testCantAddSelfToNode" time="0.0"></testcase>
  <system-out><![CDATA[]]></system-out>
  <system-err><![CDATA[]]></system-err>
</testsuite>
